<?xml version="1.0" encoding="UTF-8"?>
<!-- Generated by org.testng.reporters.JUnitReportReporter -->
<testsuite hostname="DESKTOP-85KMBLQ" name="TestNGPkg.ClassC" tests="1" failures="0" timestamp="6 May 2020 19:28:30 GMT" time="0.018" errors="0">
  <testcase name="third" time="0.018" classname="TestNGPkg.ClassC"/>
</testsuite> <!-- TestNGPkg.ClassC -->
