<?xml version="1.0" encoding="UTF-8"?>
<!-- Generated by org.testng.reporters.JUnitReportReporter -->
<testsuite hostname="DESKTOP-85KMBLQ" name="pkg1.TestNGPractice" tests="3" failures="0" timestamp="6 May 2020 19:12:08 GMT" time="0.028" errors="0">
  <testcase name="abcd" time="0.006" classname="pkg1.TestNGPractice"/>
  <testcase name="abcde" time="0.013" classname="pkg1.TestNGPractice"/>
  <testcase name="abc" time="0.009" classname="pkg1.TestNGPractice"/>
</testsuite> <!-- pkg1.TestNGPractice -->
