<?xml version="1.0" encoding="UTF-8"?>
<!-- Generated by org.testng.reporters.JUnitReportReporter -->
<testsuite hostname="DESKTOP-85KMBLQ" name="TestNGPkg.NewTest" tests="1" failures="0" timestamp="6 May 2020 19:23:31 GMT" time="0.018" errors="0">
  <testcase name="f" time="0.018" classname="TestNGPkg.NewTest"/>
</testsuite> <!-- TestNGPkg.NewTest -->
