<?xml version="1.0" encoding="UTF-8"?>
<!-- Generated by org.testng.reporters.JUnitReportReporter -->
<testsuite hostname="DESKTOP-85KMBLQ" name="TestNGPkg.ClassA" tests="1" failures="0" timestamp="6 May 2020 19:28:30 GMT" time="0.003" errors="0">
  <testcase name="First" time="0.003" classname="TestNGPkg.ClassA"/>
</testsuite> <!-- TestNGPkg.ClassA -->
